Using pre-set license
Built from '2021.1/release' branch; Version is '2021.1.1f1 (6fdc41dfa55a) revision 7330881'; Using compiler version '192528614'; Build Type 'Release'
OS: 'Windows 10 Home; OS build 19042.1083; Version 2009; 64bit' Language: 'ja' Physical Memory: 16238 MB
BatchMode: 1, IsHumanControllingUs: 0, StartBugReporterOnCrash: 0, Is64bit: 1, IsPro: 0

 COMMAND LINE ARGUMENTS:
C:\Program Files\Unity\Hub\Editor\2021.1.1f1\Editor\Unity.exe
-adb2
-batchMode
-noUpm
-name
AssetImportWorker0
-projectPath
C:/Users/xyz11/TopBGame
-logFile
Logs/AssetImportWorker0.log
-srvPort
58435
Successfully changed project path to: C:/Users/xyz11/TopBGame
C:/Users/xyz11/TopBGame
Using Asset Import Pipeline V2.
Refreshing native plugins compatible for Editor in 92.76 ms, found 2 plugins.
Preloading 0 native plugins for Editor in 0.00 ms.
Initialize engine version: 2021.1.1f1 (6fdc41dfa55a)
[Subsystems] Discovering subsystems at path C:/Program Files/Unity/Hub/Editor/2021.1.1f1/Editor/Data/Resources/UnitySubsystems
[Subsystems] Discovering subsystems at path C:/Users/xyz11/TopBGame/Assets
GfxDevice: creating device client; threaded=0; jobified=0
Direct3D:
    Version:  Direct3D 11.0 [level 11.1]
    Renderer: Intel(R) UHD Graphics (ID=0x9b41)
    Vendor:   Intel
    VRAM:     8119 MB
    Driver:   27.20.100.9365
Initialize mono
Mono path[0] = 'C:/Program Files/Unity/Hub/Editor/2021.1.1f1/Editor/Data/Managed'
Mono path[1] = 'C:/Program Files/Unity/Hub/Editor/2021.1.1f1/Editor/Data/MonoBleedingEdge/lib/mono/unityjit'
Mono config path = 'C:/Program Files/Unity/Hub/Editor/2021.1.1f1/Editor/Data/MonoBleedingEdge/etc'
Using monoOptions --debugger-agent=transport=dt_socket,embedding=1,server=y,suspend=n,address=127.0.0.1:56772
Begin MonoManager ReloadAssembly
Registering precompiled unity dll's ...
Register platform support module: C:/Program Files/Unity/Hub/Editor/2021.1.1f1/Editor/Data/PlaybackEngines/WebGLSupport/UnityEditor.WebGL.Extensions.dll
Register platform support module: C:/Program Files/Unity/Hub/Editor/2021.1.1f1/Editor/Data/PlaybackEngines/WindowsStandaloneSupport/UnityEditor.WindowsStandalone.Extensions.dll
Registered in 0.001938 seconds.
Native extension for WindowsStandalone target not found
Native extension for WebGL target not found
Refreshing native plugins compatible for Editor in 90.90 ms, found 2 plugins.
Preloading 0 native plugins for Editor in 0.00 ms.
Mono: successfully reloaded assembly
- Completed reload, in  1.631 seconds
Platform modules already initialized, skipping
Registering precompiled user dll's ...
Registered in 0.003182 seconds.
Begin MonoManager ReloadAssembly
Native extension for WindowsStandalone target not found
Native extension for WebGL target not found
Refreshing native plugins compatible for Editor in 90.63 ms, found 2 plugins.
Preloading 0 native plugins for Editor in 0.00 ms.
Mono: successfully reloaded assembly
- Completed reload, in  1.060 seconds
Platform modules already initialized, skipping
========================================================================
Worker process is ready to serve import requests
Launched and connected shader compiler UnityShaderCompiler.exe after 0.03 seconds
Refreshing native plugins compatible for Editor in 0.69 ms, found 2 plugins.
Preloading 0 native plugins for Editor in 0.00 ms.
Unloading 3391 Unused Serialized files (Serialized files now loaded: 0)
System memory in use before: 133.4 MB.
System memory in use after: 133.5 MB.

Unloading 30 unused Assets to reduce memory usage. Loaded Objects now: 3844.
Total: 2.958500 ms (FindLiveObjects: 0.248100 ms CreateObjectMapping: 0.170800 ms MarkObjects: 2.387800 ms  DeleteObjects: 0.150500 ms)

========================================================================
Received Import Request.
  path: Assets/Prefabs/Player.prefab
  artifactKey: Guid(893f8d1488223ab449c7e2be8e3e2deb) Importer(815301076,1909f56bfc062723c751e8b465ee728b)
Start importing Assets/Prefabs/Player.prefab using Guid(893f8d1488223ab449c7e2be8e3e2deb) Importer(815301076,1909f56bfc062723c751e8b465ee728b)  -> (artifact id: '2b8fc7e82fd9acdf4ff6d64add213a95') in 0.094257 seconds 
========================================================================
Received Import Request.
  Time since last request: 0.000321 seconds.
  path: Assets/Prefabs/ItemBox.prefab
  artifactKey: Guid(7f78e7199de9ddc4f94fc29f8c167c22) Importer(815301076,1909f56bfc062723c751e8b465ee728b)
Start importing Assets/Prefabs/ItemBox.prefab using Guid(7f78e7199de9ddc4f94fc29f8c167c22) Importer(815301076,1909f56bfc062723c751e8b465ee728b)  -> (artifact id: '2cbf4f59dda3bf50a68ea3f66b8d6249') in 0.014709 seconds 
========================================================================
Received Import Request.
  Time since last request: 0.000346 seconds.
  path: Assets/Prefabs/Arrow 1.prefab
  artifactKey: Guid(0c0bee1393ed1394ca7f845cf2428aa1) Importer(815301076,1909f56bfc062723c751e8b465ee728b)
Start importing Assets/Prefabs/Arrow 1.prefab using Guid(0c0bee1393ed1394ca7f845cf2428aa1) Importer(815301076,1909f56bfc062723c751e8b465ee728b)  -> (artifact id: 'c4dfad190d759802b03db9d6fa2ddbb8') in 0.016363 seconds 
========================================================================
Received Import Request.
  Time since last request: 0.000214 seconds.
  path: Assets/Prefabs/Key.prefab
  artifactKey: Guid(b9697668db8ba5d46996464f8931ec22) Importer(815301076,1909f56bfc062723c751e8b465ee728b)
Start importing Assets/Prefabs/Key.prefab using Guid(b9697668db8ba5d46996464f8931ec22) Importer(815301076,1909f56bfc062723c751e8b465ee728b)  -> (artifact id: 'e7afc04712eebd1b53fe6b11a8588726') in 0.019622 seconds 
========================================================================
Received Import Request.
  Time since last request: 0.000318 seconds.
  path: Assets/Prefabs/Life.prefab
  artifactKey: Guid(a8f6065029057a9418e243142d7e5473) Importer(815301076,1909f56bfc062723c751e8b465ee728b)
Start importing Assets/Prefabs/Life.prefab using Guid(a8f6065029057a9418e243142d7e5473) Importer(815301076,1909f56bfc062723c751e8b465ee728b)  -> (artifact id: '293bb14e8492baa14df7504101590feb') in 0.018399 seconds 
========================================================================
Received Prepare
Refreshing native plugins compatible for Editor in 2.73 ms, found 2 plugins.
Preloading 0 native plugins for Editor in 0.00 ms.
Unloading 16 Unused Serialized files (Serialized files now loaded: 0)
System memory in use before: 71.2 MB.
System memory in use after: 71.3 MB.

Unloading 16 unused Assets to reduce memory usage. Loaded Objects now: 3851.
Total: 3.885300 ms (FindLiveObjects: 0.611300 ms CreateObjectMapping: 0.410700 ms MarkObjects: 2.773600 ms  DeleteObjects: 0.087500 ms)

========================================================================
Received Import Request.
  Time since last request: 38.579234 seconds.
  path: Assets/Prefabs/Player.prefab
  artifactKey: Guid(893f8d1488223ab449c7e2be8e3e2deb) Importer(815301076,1909f56bfc062723c751e8b465ee728b)
Start importing Assets/Prefabs/Player.prefab using Guid(893f8d1488223ab449c7e2be8e3e2deb) Importer(815301076,1909f56bfc062723c751e8b465ee728b)  -> (artifact id: '8b1b9515878895aaf1ac25520ce89314') in 0.019995 seconds 
========================================================================
Received Import Request.
  Time since last request: 3.532822 seconds.
  path: Assets/Prefabs/Key.prefab
  artifactKey: Guid(b9697668db8ba5d46996464f8931ec22) Importer(815301076,1909f56bfc062723c751e8b465ee728b)
Start importing Assets/Prefabs/Key.prefab using Guid(b9697668db8ba5d46996464f8931ec22) Importer(815301076,1909f56bfc062723c751e8b465ee728b)  -> (artifact id: 'f6477fb7f8f918a15805468f16ce82dd') in 0.008379 seconds 
========================================================================
Received Prepare
Registering precompiled user dll's ...
Registered in 0.002980 seconds.
Begin MonoManager ReloadAssembly
Native extension for WindowsStandalone target not found
Native extension for WebGL target not found
Refreshing native plugins compatible for Editor in 0.74 ms, found 2 plugins.
Preloading 0 native plugins for Editor in 0.00 ms.
Mono: successfully reloaded assembly
- Completed reload, in  0.892 seconds
Platform modules already initialized, skipping
Refreshing native plugins compatible for Editor in 0.79 ms, found 2 plugins.
Preloading 0 native plugins for Editor in 0.00 ms.
Unloading 3384 Unused Serialized files (Serialized files now loaded: 0)
System memory in use before: 136.9 MB.
System memory in use after: 137.0 MB.

Unloading 18 unused Assets to reduce memory usage. Loaded Objects now: 3855.
Total: 2.839600 ms (FindLiveObjects: 0.289900 ms CreateObjectMapping: 0.178500 ms MarkObjects: 2.235600 ms  DeleteObjects: 0.134700 ms)

========================================================================
Received Prepare
Registering precompiled user dll's ...
Registered in 0.003757 seconds.
Begin MonoManager ReloadAssembly
Native extension for WindowsStandalone target not found
Native extension for WebGL target not found
Refreshing native plugins compatible for Editor in 0.79 ms, found 2 plugins.
Preloading 0 native plugins for Editor in 0.00 ms.
Mono: successfully reloaded assembly
- Completed reload, in  0.901 seconds
Platform modules already initialized, skipping
Refreshing native plugins compatible for Editor in 0.70 ms, found 2 plugins.
Preloading 0 native plugins for Editor in 0.00 ms.
Unloading 3384 Unused Serialized files (Serialized files now loaded: 0)
System memory in use before: 137.0 MB.
System memory in use after: 137.1 MB.

Unloading 18 unused Assets to reduce memory usage. Loaded Objects now: 3859.
Total: 2.924100 ms (FindLiveObjects: 0.269300 ms CreateObjectMapping: 0.160300 ms MarkObjects: 2.387400 ms  DeleteObjects: 0.106000 ms)

========================================================================
Received Import Request.
  Time since last request: 48.294134 seconds.
  path: Assets/Prefabs/Player.prefab
  artifactKey: Guid(893f8d1488223ab449c7e2be8e3e2deb) Importer(815301076,1909f56bfc062723c751e8b465ee728b)
Start importing Assets/Prefabs/Player.prefab using Guid(893f8d1488223ab449c7e2be8e3e2deb) Importer(815301076,1909f56bfc062723c751e8b465ee728b)  -> (artifact id: '7560d21dc5fe2dd3e3d3bdabb0bc5485') in 0.065132 seconds 
========================================================================
Received Prepare
Registering precompiled user dll's ...
Registered in 0.003708 seconds.
Begin MonoManager ReloadAssembly
Native extension for WindowsStandalone target not found
Native extension for WebGL target not found
Refreshing native plugins compatible for Editor in 0.71 ms, found 2 plugins.
Preloading 0 native plugins for Editor in 0.00 ms.
Mono: successfully reloaded assembly
- Completed reload, in  0.946 seconds
Platform modules already initialized, skipping
Refreshing native plugins compatible for Editor in 0.72 ms, found 2 plugins.
Preloading 0 native plugins for Editor in 0.00 ms.
Unloading 3384 Unused Serialized files (Serialized files now loaded: 0)
System memory in use before: 137.0 MB.
System memory in use after: 137.1 MB.

Unloading 18 unused Assets to reduce memory usage. Loaded Objects now: 3864.
Total: 3.396800 ms (FindLiveObjects: 0.250200 ms CreateObjectMapping: 0.199000 ms MarkObjects: 2.859000 ms  DeleteObjects: 0.087700 ms)

========================================================================
Received Import Request.
  Time since last request: 28.766587 seconds.
  path: Assets/Prefabs/Key.prefab
  artifactKey: Guid(b9697668db8ba5d46996464f8931ec22) Importer(815301076,1909f56bfc062723c751e8b465ee728b)
Start importing Assets/Prefabs/Key.prefab using Guid(b9697668db8ba5d46996464f8931ec22) Importer(815301076,1909f56bfc062723c751e8b465ee728b)  -> (artifact id: 'e79693e8d8ccef490377242c41783df2') in 0.049331 seconds 
========================================================================
Received Prepare
Registering precompiled user dll's ...
Registered in 0.003361 seconds.
Begin MonoManager ReloadAssembly
Native extension for WindowsStandalone target not found
Native extension for WebGL target not found
Refreshing native plugins compatible for Editor in 0.71 ms, found 2 plugins.
Preloading 0 native plugins for Editor in 0.00 ms.
Mono: successfully reloaded assembly
- Completed reload, in  0.927 seconds
Platform modules already initialized, skipping
Refreshing native plugins compatible for Editor in 0.71 ms, found 2 plugins.
Preloading 0 native plugins for Editor in 0.00 ms.
Unloading 3384 Unused Serialized files (Serialized files now loaded: 0)
System memory in use before: 137.1 MB.
System memory in use after: 137.2 MB.

Unloading 18 unused Assets to reduce memory usage. Loaded Objects now: 3869.
Total: 4.118300 ms (FindLiveObjects: 0.489000 ms CreateObjectMapping: 0.312400 ms MarkObjects: 3.181300 ms  DeleteObjects: 0.134200 ms)

========================================================================
Received Prepare
Registering precompiled user dll's ...
Registered in 0.003046 seconds.
Begin MonoManager ReloadAssembly
Native extension for WindowsStandalone target not found
Native extension for WebGL target not found
Refreshing native plugins compatible for Editor in 0.78 ms, found 2 plugins.
Preloading 0 native plugins for Editor in 0.00 ms.
Mono: successfully reloaded assembly
- Completed reload, in  0.883 seconds
Platform modules already initialized, skipping
Refreshing native plugins compatible for Editor in 0.77 ms, found 2 plugins.
Preloading 0 native plugins for Editor in 0.00 ms.
Unloading 3384 Unused Serialized files (Serialized files now loaded: 0)
System memory in use before: 137.1 MB.
System memory in use after: 137.2 MB.

Unloading 18 unused Assets to reduce memory usage. Loaded Objects now: 3873.
Total: 2.911800 ms (FindLiveObjects: 0.239900 ms CreateObjectMapping: 0.110100 ms MarkObjects: 2.453700 ms  DeleteObjects: 0.107100 ms)

========================================================================
Received Import Request.
  Time since last request: 308.740420 seconds.
  path: Assets/Image/EnemyImage.png
  artifactKey: Guid(81765e47212b27648ae46e9e191e4b67) Importer(815301076,1909f56bfc062723c751e8b465ee728b)
Start importing Assets/Image/EnemyImage.png using Guid(81765e47212b27648ae46e9e191e4b67) Importer(815301076,1909f56bfc062723c751e8b465ee728b)  -> (artifact id: 'b4b059caaa429e3f57bfcb6300e6b4ba') in 0.085640 seconds 
========================================================================
Received Import Request.
  Time since last request: 1328.470932 seconds.
  path: Assets/Image/EnemyImage_2.controller
  artifactKey: Guid(6970e84e66815864bb7a5b3dfb801736) Importer(815301076,1909f56bfc062723c751e8b465ee728b)
Start importing Assets/Image/EnemyImage_2.controller using Guid(6970e84e66815864bb7a5b3dfb801736) Importer(815301076,1909f56bfc062723c751e8b465ee728b)  -> (artifact id: '7ed60d14a76bdc13a8174238a7dbfe3b') in 0.014424 seconds 
========================================================================
Received Import Request.
  Time since last request: 4.458608 seconds.
  path: Assets/Image/EnemyImage_0.controller
  artifactKey: Guid(e8b6d0717a2414345922f55d52bdc45e) Importer(815301076,1909f56bfc062723c751e8b465ee728b)
Start importing Assets/Image/EnemyImage_0.controller using Guid(e8b6d0717a2414345922f55d52bdc45e) Importer(815301076,1909f56bfc062723c751e8b465ee728b)  -> (artifact id: '0c064cc71c3699192cc6801c3fd9424a') in 0.007620 seconds 
========================================================================
Received Import Request.
  Time since last request: 0.799348 seconds.
  path: Assets/Image/EnemyImage_4.controller
  artifactKey: Guid(4a993a08acba6594cbbbc446b7274f8e) Importer(815301076,1909f56bfc062723c751e8b465ee728b)
Start importing Assets/Image/EnemyImage_4.controller using Guid(4a993a08acba6594cbbbc446b7274f8e) Importer(815301076,1909f56bfc062723c751e8b465ee728b)  -> (artifact id: 'e8250c33969a78b90ca7f1ae8957df29') in 0.008384 seconds 
========================================================================
Received Import Request.
  Time since last request: 29.316161 seconds.
  path: Assets/Enemy/Enemy.controller
  artifactKey: Guid(0d9d7457a3e9fd7498f0e81cfdce7e5e) Importer(815301076,1909f56bfc062723c751e8b465ee728b)
Start importing Assets/Enemy/Enemy.controller using Guid(0d9d7457a3e9fd7498f0e81cfdce7e5e) Importer(815301076,1909f56bfc062723c751e8b465ee728b)  -> (artifact id: '1ee3452f4f6089f8683c58149521afbe') in 0.009645 seconds 
========================================================================
Received Import Request.
  Time since last request: 527.157358 seconds.
  path: Assets/Image/EnemyImage_8.controller
  artifactKey: Guid(dde161c7458af4c4596b01d1ae54dd28) Importer(815301076,1909f56bfc062723c751e8b465ee728b)
Start importing Assets/Image/EnemyImage_8.controller using Guid(dde161c7458af4c4596b01d1ae54dd28) Importer(815301076,1909f56bfc062723c751e8b465ee728b)  -> (artifact id: '75b642f53ab3240d81afc8ac90d08707') in 0.009507 seconds 
========================================================================
Received Import Request.
  Time since last request: 211.446966 seconds.
  path: Assets/Scripts/EnemyController.cs
  artifactKey: Guid(5635aaaee9680154c85db0913b8e064c) Importer(815301076,1909f56bfc062723c751e8b465ee728b)
Start importing Assets/Scripts/EnemyController.cs using Guid(5635aaaee9680154c85db0913b8e064c) Importer(815301076,1909f56bfc062723c751e8b465ee728b)  -> (artifact id: '118c65792b155e0ffb10f89bbe6142b7') in 0.013678 seconds 
========================================================================
Received Prepare
Registering precompiled user dll's ...
Registered in 0.005403 seconds.
Begin MonoManager ReloadAssembly
Native extension for WindowsStandalone target not found
Native extension for WebGL target not found
Refreshing native plugins compatible for Editor in 0.76 ms, found 2 plugins.
Preloading 0 native plugins for Editor in 0.00 ms.
Mono: successfully reloaded assembly
- Completed reload, in  1.875 seconds
Platform modules already initialized, skipping
Refreshing native plugins compatible for Editor in 0.71 ms, found 2 plugins.
Preloading 0 native plugins for Editor in 0.00 ms.
Unloading 3386 Unused Serialized files (Serialized files now loaded: 0)
System memory in use before: 137.6 MB.
System memory in use after: 137.7 MB.

Unloading 18 unused Assets to reduce memory usage. Loaded Objects now: 3898.
Total: 3.227400 ms (FindLiveObjects: 0.222500 ms CreateObjectMapping: 0.111500 ms MarkObjects: 2.801100 ms  DeleteObjects: 0.091300 ms)

